Arguments: 
  /usr/local/bin/node /usr/local/bin/yarn prod

PATH: 
  /Users/anatoliy/.local/bin/luna-studio:/Users/anatoliy/google-cloud-sdk/bin:./node_modules/.bin:/usr/local/bin:/usr/bin:/bin:/usr/sbin:/sbin:/Users/anatoliy/Library/Android/sdk/tools:/Users/anatoliy/Library/Android/sdk/platform-tools:/usr/local/opt/go/libexec/bin

Yarn version: 
  1.5.1

Node version: 
  8.8.1

Platform: 
  darwin x64

npm manifest: 
  No manifest

yarn manifest: 
  No manifest

Lockfile: 
  No lockfile

Trace: 
  Error: Couldn't find a package.json file in "/Users/anatoliy/projects/squares"
      at new MessageError (/usr/local/lib/node_modules/yarn/lib/cli.js:186:110)
      at /usr/local/lib/node_modules/yarn/lib/cli.js:40048:15
      at Generator.next (<anonymous>)
      at step (/usr/local/lib/node_modules/yarn/lib/cli.js:98:30)
      at /usr/local/lib/node_modules/yarn/lib/cli.js:109:13
      at <anonymous>
